# JRE version: OpenJDK Runtime Environment (17.0.1+12) (build 17.0.1+12-39)
# Java VM: OpenJDK 64-Bit Server VM (17.0.1+12-39, mixed mode, sharing, tiered, compressed oops, compressed class ptrs, g1 gc, windows-amd64)
GC Precious Log:
 CPUs: 4 total, 4 available
 Memory: 8071M
 Large Page Support: Disabled
 NUMA Support: Disabled
 Compressed Oops: Enabled (32-bit)
 Heap Region Size: 1M
 Heap Min Capacity: 8M
 Heap Initial Capacity: 128M
 Heap Max Capacity: 2018M
 Pre-touch: Disabled
 Parallel Workers: 4
 Concurrent Workers: 1
 Concurrent Refinement Workers: 4
 Periodic GC: Disabled
Heap:
 garbage-first heap   total 146432K, used 102281K [0x0000000081e00000, 0x0000000100000000)
  region size 1024K, 47 young (48128K), 2 survivors (2048K)
 Metaspace       used 30502K, committed 30912K, reserved 1081344K
  class space    used 3312K, committed 3520K, reserved 1048576K
GC Heap History (20 events):
Event: 8.261 GC heap before
{Heap before GC invocations=8 (full 0):
 garbage-first heap   total 63488K, used 25869K [0x0000000081e00000, 0x0000000100000000)
  region size 1024K, 6 young (6144K), 5 survivors (5120K)
 Metaspace       used 23735K, committed 24000K, reserved 1073152K
  class space    used 2644K, committed 2752K, reserved 1048576K
}
Event: 8.265 GC heap after
{Heap after GC invocations=9 (full 0):
 garbage-first heap   total 63488K, used 26669K [0x0000000081e00000, 0x0000000100000000)
  region size 1024K, 1 young (1024K), 1 survivors (1024K)
 Metaspace       used 23735K, committed 24000K, reserved 1073152K
  class space    used 2644K, committed 2752K, reserved 1048576K
}
Event: 8.268 GC heap before
{Heap before GC invocations=9 (full 0):
 garbage-first heap   total 63488K, used 46125K [0x0000000081e00000, 0x0000000100000000)
  region size 1024K, 21 young (21504K), 1 survivors (1024K)
 Metaspace       used 23735K, committed 24000K, reserved 1073152K
  class space    used 2644K, committed 2752K, reserved 1048576K
}
Event: 8.270 GC heap after
{Heap after GC invocations=10 (full 0):
 garbage-first heap   total 176128K, used 26819K [0x0000000081e00000, 0x0000000100000000)
  region size 1024K, 1 young (1024K), 1 survivors (1024K)
 Metaspace       used 23735K, committed 24000K, reserved 1073152K
  class space    used 2644K, committed 2752K, reserved 1048576K
}
Event: 9.909 GC heap before
{Heap before GC invocations=11 (full 0):
 garbage-first heap   total 109568K, used 92355K [0x0000000081e00000, 0x0000000100000000)
  region size 1024K, 66 young (67584K), 1 survivors (1024K)
 Metaspace       used 26094K, committed 26432K, reserved 1073152K
  class space    used 2883K, committed 3072K, reserved 1048576K
}
Event: 9.923 GC heap after
{Heap after GC invocations=12 (full 0):
 garbage-first heap   total 109568K, used 37227K [0x0000000081e00000, 0x0000000100000000)
  region size 1024K, 10 young (10240K), 10 survivors (10240K)
 Metaspace       used 26094K, committed 26432K, reserved 1073152K
  class space    used 2883K, committed 3072K, reserved 1048576K
}
Event: 10.195 GC heap before
{Heap before GC invocations=12 (full 0):
 garbage-first heap   total 109568K, used 40299K [0x0000000081e00000, 0x0000000100000000)
  region size 1024K, 14 young (14336K), 10 survivors (10240K)
 Metaspace       used 26371K, committed 26688K, reserved 1073152K
  class space    used 2914K, committed 3072K, reserved 1048576K
}
Event: 10.207 GC heap after
{Heap after GC invocations=13 (full 0):
 garbage-first heap   total 109568K, used 37770K [0x0000000081e00000, 0x0000000100000000)
  region size 1024K, 1 young (1024K), 1 survivors (1024K)
 Metaspace       used 26371K, committed 26688K, reserved 1073152K
  class space    used 2914K, committed 3072K, reserved 1048576K
}
Event: 10.766 GC heap before
{Heap before GC invocations=13 (full 0):
 garbage-first heap   total 109568K, used 81802K [0x0000000081e00000, 0x0000000100000000)
  region size 1024K, 44 young (45056K), 1 survivors (1024K)
 Metaspace       used 26996K, committed 27392K, reserved 1073152K
  class space    used 2978K, committed 3200K, reserved 1048576K
}
Event: 10.769 GC heap after
{Heap after GC invocations=14 (full 0):
 garbage-first heap   total 109568K, used 37473K [0x0000000081e00000, 0x0000000100000000)
  region size 1024K, 1 young (1024K), 1 survivors (1024K)
 Metaspace       used 26996K, committed 27392K, reserved 1073152K
  class space    used 2978K, committed 3200K, reserved 1048576K
}
Event: 11.774 GC heap before
{Heap before GC invocations=14 (full 0):
 garbage-first heap   total 109568K, used 83553K [0x0000000081e00000, 0x0000000100000000)
  region size 1024K, 46 young (47104K), 1 survivors (1024K)
 Metaspace       used 28641K, committed 28992K, reserved 1081344K
  class space    used 3140K, committed 3328K, reserved 1048576K
}
Event: 11.783 GC heap after
{Heap after GC invocations=15 (full 0):
 garbage-first heap   total 109568K, used 38652K [0x0000000081e00000, 0x0000000100000000)
  region size 1024K, 2 young (2048K), 2 survivors (2048K)
 Metaspace       used 28641K, committed 28992K, reserved 1081344K
  class space    used 3140K, committed 3328K, reserved 1048576K
}
Event: 12.143 GC heap before
{Heap before GC invocations=15 (full 0):
 garbage-first heap   total 109568K, used 85756K [0x0000000081e00000, 0x0000000100000000)
  region size 1024K, 48 young (49152K), 2 survivors (2048K)
 Metaspace       used 28937K, committed 29312K, reserved 1081344K
  class space    used 3177K, committed 3328K, reserved 1048576K
}
Event: 12.151 GC heap after
{Heap after GC invocations=16 (full 0):
 garbage-first heap   total 109568K, used 38079K [0x0000000081e00000, 0x0000000100000000)
  region size 1024K, 3 young (3072K), 3 survivors (3072K)
 Metaspace       used 28937K, committed 29312K, reserved 1081344K
  class space    used 3177K, committed 3328K, reserved 1048576K
}
Event: 12.428 GC heap before
{Heap before GC invocations=16 (full 0):
 garbage-first heap   total 109568K, used 87231K [0x0000000081e00000, 0x0000000100000000)
  region size 1024K, 50 young (51200K), 3 survivors (3072K)
 Metaspace       used 28996K, committed 29376K, reserved 1081344K
  class space    used 3178K, committed 3392K, reserved 1048576K
}
Event: 12.440 GC heap after
{Heap after GC invocations=17 (full 0):
 garbage-first heap   total 109568K, used 48038K [0x0000000081e00000, 0x0000000100000000)
  region size 1024K, 7 young (7168K), 7 survivors (7168K)
 Metaspace       used 28996K, committed 29376K, reserved 1081344K
  class space    used 3178K, committed 3392K, reserved 1048576K
}
Event: 12.762 GC heap before
{Heap before GC invocations=17 (full 0):
 garbage-first heap   total 109568K, used 85926K [0x0000000081e00000, 0x0000000100000000)
  region size 1024K, 45 young (46080K), 7 survivors (7168K)
 Metaspace       used 29015K, committed 29376K, reserved 1081344K
  class space    used 3178K, committed 3392K, reserved 1048576K
}
Event: 12.774 GC heap after
{Heap after GC invocations=18 (full 0):
 garbage-first heap   total 109568K, used 56497K [0x0000000081e00000, 0x0000000100000000)
  region size 1024K, 6 young (6144K), 6 survivors (6144K)
 Metaspace       used 29015K, committed 29376K, reserved 1081344K
  class space    used 3178K, committed 3392K, reserved 1048576K
}
Event: 13.510 GC heap before
{Heap before GC invocations=18 (full 0):
 garbage-first heap   total 109568K, used 84145K [0x0000000081e00000, 0x0000000100000000)
  region size 1024K, 34 young (34816K), 6 survivors (6144K)
 Metaspace       used 30286K, committed 30656K, reserved 1081344K
  class space    used 3328K, committed 3520K, reserved 1048576K
}
Event: 13.520 GC heap after
{Heap after GC invocations=19 (full 0):
 garbage-first heap   total 146432K, used 58249K [0x0000000081e00000, 0x0000000100000000)
  region size 1024K, 2 young (2048K), 2 survivors (2048K)
 Metaspace       used 30286K, committed 30656K, reserved 1081344K
  class space    used 3328K, committed 3520K, reserved 1048576K
}

