# JRE version: OpenJDK Runtime Environment (17.0.1+12) (build 17.0.1+12-39)
# Java VM: OpenJDK 64-Bit Server VM (17.0.1+12-39, mixed mode, sharing, tiered, compressed oops, compressed class ptrs, g1 gc, windows-amd64)
GC Precious Log:
 CPUs: 4 total, 4 available
 Memory: 8071M
 Large Page Support: Disabled
 NUMA Support: Disabled
 Compressed Oops: Enabled (32-bit)
 Heap Region Size: 1M
 Heap Min Capacity: 8M
 Heap Initial Capacity: 128M
 Heap Max Capacity: 2018M
 Pre-touch: Disabled
 Parallel Workers: 4
 Concurrent Workers: 1
 Concurrent Refinement Workers: 4
 Periodic GC: Disabled
Heap:
 garbage-first heap   total 73728K, used 57215K [0x0000000081e00000, 0x0000000100000000)
  region size 1024K, 31 young (31744K), 3 survivors (3072K)
 Metaspace       used 55419K, committed 55744K, reserved 1097728K
  class space    used 7488K, committed 7616K, reserved 1048576K
GC Heap History (20 events):
Event: 5.811 GC heap before
{Heap before GC invocations=6 (full 0):
 garbage-first heap   total 51200K, used 37844K [0x0000000081e00000, 0x0000000100000000)
  region size 1024K, 30 young (30720K), 6 survivors (6144K)
 Metaspace       used 24766K, committed 25024K, reserved 1073152K
  class space    used 3188K, committed 3328K, reserved 1048576K
}
Event: 5.830 GC heap after
{Heap after GC invocations=7 (full 0):
 garbage-first heap   total 51200K, used 15326K [0x0000000081e00000, 0x0000000100000000)
  region size 1024K, 4 young (4096K), 4 survivors (4096K)
 Metaspace       used 24766K, committed 25024K, reserved 1073152K
  class space    used 3188K, committed 3328K, reserved 1048576K
}
Event: 7.231 GC heap before
{Heap before GC invocations=7 (full 0):
 garbage-first heap   total 51200K, used 36830K [0x0000000081e00000, 0x0000000100000000)
  region size 1024K, 25 young (25600K), 4 survivors (4096K)
 Metaspace       used 27733K, committed 28032K, reserved 1073152K
  class space    used 3585K, committed 3712K, reserved 1048576K
}
Event: 7.243 GC heap after
{Heap after GC invocations=8 (full 0):
 garbage-first heap   total 51200K, used 16746K [0x0000000081e00000, 0x0000000100000000)
  region size 1024K, 4 young (4096K), 4 survivors (4096K)
 Metaspace       used 27733K, committed 28032K, reserved 1073152K
  class space    used 3585K, committed 3712K, reserved 1048576K
}
Event: 8.041 GC heap before
{Heap before GC invocations=8 (full 0):
 garbage-first heap   total 51200K, used 37226K [0x0000000081e00000, 0x0000000100000000)
  region size 1024K, 24 young (24576K), 4 survivors (4096K)
 Metaspace       used 32943K, committed 33280K, reserved 1081344K
  class space    used 4447K, committed 4608K, reserved 1048576K
}
Event: 8.053 GC heap after
{Heap after GC invocations=9 (full 0):
 garbage-first heap   total 51200K, used 18234K [0x0000000081e00000, 0x0000000100000000)
  region size 1024K, 2 young (2048K), 2 survivors (2048K)
 Metaspace       used 32943K, committed 33280K, reserved 1081344K
  class space    used 4447K, committed 4608K, reserved 1048576K
}
Event: 8.457 GC heap before
{Heap before GC invocations=9 (full 0):
 garbage-first heap   total 51200K, used 26426K [0x0000000081e00000, 0x0000000100000000)
  region size 1024K, 12 young (12288K), 2 survivors (2048K)
 Metaspace       used 35685K, committed 35968K, reserved 1081344K
  class space    used 4730K, committed 4864K, reserved 1048576K
}
Event: 8.463 GC heap after
{Heap after GC invocations=10 (full 0):
 garbage-first heap   total 51200K, used 19043K [0x0000000081e00000, 0x0000000100000000)
  region size 1024K, 3 young (3072K), 3 survivors (3072K)
 Metaspace       used 35685K, committed 35968K, reserved 1081344K
  class space    used 4730K, committed 4864K, reserved 1048576K
}
Event: 9.047 GC heap before
{Heap before GC invocations=11 (full 0):
 garbage-first heap   total 51200K, used 39523K [0x0000000081e00000, 0x0000000100000000)
  region size 1024K, 21 young (21504K), 3 survivors (3072K)
 Metaspace       used 40120K, committed 40512K, reserved 1089536K
  class space    used 5332K, committed 5504K, reserved 1048576K
}
Event: 9.054 GC heap after
{Heap after GC invocations=12 (full 0):
 garbage-first heap   total 51200K, used 21934K [0x0000000081e00000, 0x0000000100000000)
  region size 1024K, 3 young (3072K), 3 survivors (3072K)
 Metaspace       used 40120K, committed 40512K, reserved 1089536K
  class space    used 5332K, committed 5504K, reserved 1048576K
}
Event: 9.603 GC heap before
{Heap before GC invocations=12 (full 0):
 garbage-first heap   total 51200K, used 39342K [0x0000000081e00000, 0x0000000100000000)
  region size 1024K, 20 young (20480K), 3 survivors (3072K)
 Metaspace       used 44024K, committed 44352K, reserved 1089536K
  class space    used 5974K, committed 6144K, reserved 1048576K
}
Event: 9.611 GC heap after
{Heap after GC invocations=13 (full 0):
 garbage-first heap   total 61440K, used 22631K [0x0000000081e00000, 0x0000000100000000)
  region size 1024K, 2 young (2048K), 2 survivors (2048K)
 Metaspace       used 44024K, committed 44352K, reserved 1089536K
  class space    used 5974K, committed 6144K, reserved 1048576K
}
Event: 10.329 GC heap before
{Heap before GC invocations=13 (full 0):
 garbage-first heap   total 61440K, used 46183K [0x0000000081e00000, 0x0000000100000000)
  region size 1024K, 26 young (26624K), 2 survivors (2048K)
 Metaspace       used 48257K, committed 48576K, reserved 1097728K
  class space    used 6493K, committed 6656K, reserved 1048576K
}
Event: 10.340 GC heap after
{Heap after GC invocations=14 (full 0):
 garbage-first heap   total 61440K, used 24309K [0x0000000081e00000, 0x0000000100000000)
  region size 1024K, 4 young (4096K), 4 survivors (4096K)
 Metaspace       used 48257K, committed 48576K, reserved 1097728K
  class space    used 6493K, committed 6656K, reserved 1048576K
}
Event: 10.836 GC heap before
{Heap before GC invocations=14 (full 0):
 garbage-first heap   total 61440K, used 47861K [0x0000000081e00000, 0x0000000100000000)
  region size 1024K, 27 young (27648K), 4 survivors (4096K)
 Metaspace       used 49909K, committed 50304K, reserved 1097728K
  class space    used 6747K, committed 6912K, reserved 1048576K
}
Event: 10.849 GC heap after
{Heap after GC invocations=15 (full 0):
 garbage-first heap   total 61440K, used 26362K [0x0000000081e00000, 0x0000000100000000)
  region size 1024K, 4 young (4096K), 4 survivors (4096K)
 Metaspace       used 49909K, committed 50304K, reserved 1097728K
  class space    used 6747K, committed 6912K, reserved 1048576K
}
Event: 11.451 GC heap before
{Heap before GC invocations=15 (full 0):
 garbage-first heap   total 61440K, used 48890K [0x0000000081e00000, 0x0000000100000000)
  region size 1024K, 26 young (26624K), 4 survivors (4096K)
 Metaspace       used 52594K, committed 52928K, reserved 1097728K
  class space    used 7088K, committed 7232K, reserved 1048576K
}
Event: 11.463 GC heap after
{Heap after GC invocations=16 (full 0):
 garbage-first heap   total 61440K, used 27657K [0x0000000081e00000, 0x0000000100000000)
  region size 1024K, 4 young (4096K), 4 survivors (4096K)
 Metaspace       used 52594K, committed 52928K, reserved 1097728K
  class space    used 7088K, committed 7232K, reserved 1048576K
}
Event: 11.926 GC heap before
{Heap before GC invocations=16 (full 0):
 garbage-first heap   total 61440K, used 48137K [0x0000000081e00000, 0x0000000100000000)
  region size 1024K, 24 young (24576K), 4 survivors (4096K)
 Metaspace       used 54061K, committed 54400K, reserved 1097728K
  class space    used 7305K, committed 7424K, reserved 1048576K
}
Event: 11.939 GC heap after
{Heap after GC invocations=17 (full 0):
 garbage-first heap   total 73728K, used 29567K [0x0000000081e00000, 0x0000000100000000)
  region size 1024K, 3 young (3072K), 3 survivors (3072K)
 Metaspace       used 54061K, committed 54400K, reserved 1097728K
  class space    used 7305K, committed 7424K, reserved 1048576K
}

